<?xml version="1.0" encoding="UTF-8"?>
<testsuite xmlns:xsi="http://www.w3.org/2001/XMLSchema-instance" xsi:noNamespaceSchemaLocation="https://maven.apache.org/surefire/maven-surefire-plugin/xsd/surefire-test-report-3.0.xsd" version="3.0" name="step_definitions.RunCukesTest" time="322.599" tests="19" errors="0" skipped="0" failures="0">
  <properties>
[...]
</properties>
  <testcase name="JOR_001 sampai JOR_022 #1" classname="JobOrder_Request" time="22.762">
    <system-out><![CDATA[
@JOR
Scenario Outline: JOR_001 sampai JOR_022                                 &amp#27;[90m# features//JobOrder_Request.feature:17&amp#27;[0m
15:53:06.293 [main] DEBUG io.github.bonigarcia.wdm.WebDriverManager -- Using WebDriverManager 5.6.3
15:53:06.465 [main] DEBUG io.github.bonigarcia.wdm.cache.ResolutionCache -- Resolution chrome=120 in cache (valid until 16:10:24 30/01/2024 WIB)
15:53:06.465 [main] DEBUG io.github.bonigarcia.wdm.cache.ResolutionCache -- Resolution chrome120=120.0.6099.109 in cache (valid until 09:40:35 31/01/2024 WIB)
15:53:06.465 [main] INFO io.github.bonigarcia.wdm.WebDriverManager -- Using chromedriver 120.0.6099.109 (resolved driver for Chrome 120)
15:53:06.475 [main] DEBUG io.github.bonigarcia.wdm.WebDriverManager -- Driver chromedriver 120.0.6099.109 found in cache
15:53:06.475 [main] INFO io.github.bonigarcia.wdm.WebDriverManager -- Exporting webdriver.chrome.driver as /Users/fizkiarditiakusuma/.cache/selenium/chromedriver/mac-arm64/120.0.6099.109/chromedriver
  &amp#27;[32mGiven &amp#27;[0m&amp#27;[32mUser already open website Recruitment NasTa Group&amp#27;[0m                &amp#27;[90m# step_definitions.login_manual.userAlreadyOpenWebsiteRecruitmentNasTaGroup()&amp#27;[0m
  &amp#27;[32mThen &amp#27;[0m&amp#27;[32mUser Click And Input Email or Username & Password with Valid Data&amp#27;[0m &amp#27;[90m# step_definitions.login_manual.userClickAndInputEmailOrUsernamePasswordWithValidData()&amp#27;[0m
  &amp#27;[32mAnd &amp#27;[0m&amp#27;[32mUser Click Sign In Button&amp#27;[0m                                          &amp#27;[90m# step_definitions.login_manual.userClickSignInButton()&amp#27;[0m
User is on the landing page.
  &amp#27;[32mThen &amp#27;[0m&amp#27;[32mUser already on landing page&amp#27;[0m                                      &amp#27;[90m# step_definitions.login_manual.userAlreadyOnLandingPage()&amp#27;[0m
  &amp#27;[32mAnd &amp#27;[0m&amp#27;[32mUser Click menu Job Order&amp#27;[0m                                          &amp#27;[90m# step_definitions.JobOrder_Request.userClickMenuJobOrder()&amp#27;[0m
  &amp#27;[32mThen &amp#27;[0m&amp#27;[32mUser Add New Data Job Order Request&amp#27;[0m                               &amp#27;[90m# step_definitions.JobOrder_Request.userAddNewDataJobOrderRequest()&amp#27;[0m
  &amp#27;[32mWhen &amp#27;[0m&amp#27;[32mUser Click every field in General Information&amp#27;[0m                     &amp#27;[90m# step_definitions.JobOrder_Request.userClickEveryFieldInGeneralInformation()&amp#27;[0m
  &amp#27;[32mThen &amp#27;[0m&amp#27;[32mInput any Test in every Field General Information &amp#27;[0m&amp#27;[32m&amp#27;[1m"ABCD"&amp#27;[0m          &amp#27;[90m# step_definitions.JobOrder_Request.inputAnyTestInEveryFieldGeneralInformation(java.lang.String)&amp#27;[0m
]]></system-out>
  </testcase>
  <testcase name="JOR_001 sampai JOR_022 #2" classname="JobOrder_Request" time="21.967">
    <system-out><![CDATA[
@JOR
Scenario Outline: JOR_001 sampai JOR_022                                 &amp#27;[90m# features//JobOrder_Request.feature:18&amp#27;[0m
15:53:28.979 [main] DEBUG io.github.bonigarcia.wdm.WebDriverManager -- Using WebDriverManager 5.6.3
15:53:28.983 [main] DEBUG io.github.bonigarcia.wdm.cache.ResolutionCache -- Resolution chrome=120 in cache (valid until 16:10:24 30/01/2024 WIB)
15:53:28.983 [main] DEBUG io.github.bonigarcia.wdm.cache.ResolutionCache -- Resolution chrome120=120.0.6099.109 in cache (valid until 09:40:35 31/01/2024 WIB)
15:53:28.983 [main] INFO io.github.bonigarcia.wdm.WebDriverManager -- Using chromedriver 120.0.6099.109 (resolved driver for Chrome 120)
15:53:28.985 [main] DEBUG io.github.bonigarcia.wdm.WebDriverManager -- Driver chromedriver 120.0.6099.109 found in cache
15:53:28.985 [main] INFO io.github.bonigarcia.wdm.WebDriverManager -- Exporting webdriver.chrome.driver as /Users/fizkiarditiakusuma/.cache/selenium/chromedriver/mac-arm64/120.0.6099.109/chromedriver
  &amp#27;[32mGiven &amp#27;[0m&amp#27;[32mUser already open website Recruitment NasTa Group&amp#27;[0m                &amp#27;[90m# step_definitions.login_manual.userAlreadyOpenWebsiteRecruitmentNasTaGroup()&amp#27;[0m
  &amp#27;[32mThen &amp#27;[0m&amp#27;[32mUser Click And Input Email or Username & Password with Valid Data&amp#27;[0m &amp#27;[90m# step_definitions.login_manual.userClickAndInputEmailOrUsernamePasswordWithValidData()&amp#27;[0m
  &amp#27;[32mAnd &amp#27;[0m&amp#27;[32mUser Click Sign In Button&amp#27;[0m                                          &amp#27;[90m# step_definitions.login_manual.userClickSignInButton()&amp#27;[0m
User is on the landing page.
  &amp#27;[32mThen &amp#27;[0m&amp#27;[32mUser already on landing page&amp#27;[0m                                      &amp#27;[90m# step_definitions.login_manual.userAlreadyOnLandingPage()&amp#27;[0m
  &amp#27;[32mAnd &amp#27;[0m&amp#27;[32mUser Click menu Job Order&amp#27;[0m                                          &amp#27;[90m# step_definitions.JobOrder_Request.userClickMenuJobOrder()&amp#27;[0m
  &amp#27;[32mThen &amp#27;[0m&amp#27;[32mUser Add New Data Job Order Request&amp#27;[0m                               &amp#27;[90m# step_definitions.JobOrder_Request.userAddNewDataJobOrderRequest()&amp#27;[0m
  &amp#27;[32mWhen &amp#27;[0m&amp#27;[32mUser Click every field in General Information&amp#27;[0m                     &amp#27;[90m# step_definitions.JobOrder_Request.userClickEveryFieldInGeneralInformation()&amp#27;[0m
  &amp#27;[32mThen &amp#27;[0m&amp#27;[32mInput any Test in every Field General Information &amp#27;[0m&amp#27;[32m&amp#27;[1m"1122"&amp#27;[0m          &amp#27;[90m# step_definitions.JobOrder_Request.inputAnyTestInEveryFieldGeneralInformation(java.lang.String)&amp#27;[0m
]]></system-out>
  </testcase>
  <testcase name="JOR_001 sampai JOR_022 #3" classname="JobOrder_Request" time="21.797">
    <system-out><![CDATA[
@JOR
Scenario Outline: JOR_001 sampai JOR_022                                 &amp#27;[90m# features//JobOrder_Request.feature:19&amp#27;[0m
15:53:50.949 [main] DEBUG io.github.bonigarcia.wdm.WebDriverManager -- Using WebDriverManager 5.6.3
15:53:50.953 [main] DEBUG io.github.bonigarcia.wdm.cache.ResolutionCache -- Resolution chrome=120 in cache (valid until 16:10:24 30/01/2024 WIB)
15:53:50.953 [main] DEBUG io.github.bonigarcia.wdm.cache.ResolutionCache -- Resolution chrome120=120.0.6099.109 in cache (valid until 09:40:35 31/01/2024 WIB)
15:53:50.953 [main] INFO io.github.bonigarcia.wdm.WebDriverManager -- Using chromedriver 120.0.6099.109 (resolved driver for Chrome 120)
15:53:50.957 [main] DEBUG io.github.bonigarcia.wdm.WebDriverManager -- Driver chromedriver 120.0.6099.109 found in cache
15:53:50.957 [main] INFO io.github.bonigarcia.wdm.WebDriverManager -- Exporting webdriver.chrome.driver as /Users/fizkiarditiakusuma/.cache/selenium/chromedriver/mac-arm64/120.0.6099.109/chromedriver
  &amp#27;[32mGiven &amp#27;[0m&amp#27;[32mUser already open website Recruitment NasTa Group&amp#27;[0m                &amp#27;[90m# step_definitions.login_manual.userAlreadyOpenWebsiteRecruitmentNasTaGroup()&amp#27;[0m
  &amp#27;[32mThen &amp#27;[0m&amp#27;[32mUser Click And Input Email or Username & Password with Valid Data&amp#27;[0m &amp#27;[90m# step_definitions.login_manual.userClickAndInputEmailOrUsernamePasswordWithValidData()&amp#27;[0m
  &amp#27;[32mAnd &amp#27;[0m&amp#27;[32mUser Click Sign In Button&amp#27;[0m                                          &amp#27;[90m# step_definitions.login_manual.userClickSignInButton()&amp#27;[0m
User is on the landing page.
  &amp#27;[32mThen &amp#27;[0m&amp#27;[32mUser already on landing page&amp#27;[0m                                      &amp#27;[90m# step_definitions.login_manual.userAlreadyOnLandingPage()&amp#27;[0m
  &amp#27;[32mAnd &amp#27;[0m&amp#27;[32mUser Click menu Job Order&amp#27;[0m                                          &amp#27;[90m# step_definitions.JobOrder_Request.userClickMenuJobOrder()&amp#27;[0m
  &amp#27;[32mThen &amp#27;[0m&amp#27;[32mUser Add New Data Job Order Request&amp#27;[0m                               &amp#27;[90m# step_definitions.JobOrder_Request.userAddNewDataJobOrderRequest()&amp#27;[0m
  &amp#27;[32mWhen &amp#27;[0m&amp#27;[32mUser Click every field in General Information&amp#27;[0m                     &amp#27;[90m# step_definitions.JobOrder_Request.userClickEveryFieldInGeneralInformation()&amp#27;[0m
  &amp#27;[32mThen &amp#27;[0m&amp#27;[32mInput any Test in every Field General Information &amp#27;[0m&amp#27;[32m&amp#27;[1m")^#$"&amp#27;[0m          &amp#27;[90m# step_definitions.JobOrder_Request.inputAnyTestInEveryFieldGeneralInformation(java.lang.String)&amp#27;[0m
]]></system-out>
  </testcase>
  <testcase name="JOR_023 sampai JOR_072 #1" classname="JobOrder_Request" time="22.747">
    <system-out><![CDATA[
@JOR
Scenario Outline: JOR_023 sampai JOR_072                                 &amp#27;[90m# features//JobOrder_Request.feature:28&amp#27;[0m
15:54:12.746 [main] DEBUG io.github.bonigarcia.wdm.WebDriverManager -- Using WebDriverManager 5.6.3
15:54:12.749 [main] DEBUG io.github.bonigarcia.wdm.cache.ResolutionCache -- Resolution chrome=120 in cache (valid until 16:10:24 30/01/2024 WIB)
15:54:12.750 [main] DEBUG io.github.bonigarcia.wdm.cache.ResolutionCache -- Resolution chrome120=120.0.6099.109 in cache (valid until 09:40:35 31/01/2024 WIB)
15:54:12.750 [main] INFO io.github.bonigarcia.wdm.WebDriverManager -- Using chromedriver 120.0.6099.109 (resolved driver for Chrome 120)
15:54:12.751 [main] DEBUG io.github.bonigarcia.wdm.WebDriverManager -- Driver chromedriver 120.0.6099.109 found in cache
15:54:12.751 [main] INFO io.github.bonigarcia.wdm.WebDriverManager -- Exporting webdriver.chrome.driver as /Users/fizkiarditiakusuma/.cache/selenium/chromedriver/mac-arm64/120.0.6099.109/chromedriver
  &amp#27;[32mGiven &amp#27;[0m&amp#27;[32mUser already open website Recruitment NasTa Group&amp#27;[0m                &amp#27;[90m# step_definitions.login_manual.userAlreadyOpenWebsiteRecruitmentNasTaGroup()&amp#27;[0m
  &amp#27;[32mThen &amp#27;[0m&amp#27;[32mUser Click And Input Email or Username & Password with Valid Data&amp#27;[0m &amp#27;[90m# step_definitions.login_manual.userClickAndInputEmailOrUsernamePasswordWithValidData()&amp#27;[0m
  &amp#27;[32mAnd &amp#27;[0m&amp#27;[32mUser Click Sign In Button&amp#27;[0m                                          &amp#27;[90m# step_definitions.login_manual.userClickSignInButton()&amp#27;[0m
User is on the landing page.
  &amp#27;[32mThen &amp#27;[0m&amp#27;[32mUser already on landing page&amp#27;[0m                                      &amp#27;[90m# step_definitions.login_manual.userAlreadyOnLandingPage()&amp#27;[0m
  &amp#27;[32mAnd &amp#27;[0m&amp#27;[32mUser Click menu Job Order&amp#27;[0m                                          &amp#27;[90m# step_definitions.JobOrder_Request.userClickMenuJobOrder()&amp#27;[0m
  &amp#27;[32mThen &amp#27;[0m&amp#27;[32mUser Add New Data Job Order Request&amp#27;[0m                               &amp#27;[90m# step_definitions.JobOrder_Request.userAddNewDataJobOrderRequest()&amp#27;[0m
  &amp#27;[32mWhen &amp#27;[0m&amp#27;[32mUser Click every field in Reason of Request&amp#27;[0m                       &amp#27;[90m# step_definitions.JobOrder_Request.userClickEveryFieldInReasonOfRequest()&amp#27;[0m
  &amp#27;[32mThen &amp#27;[0m&amp#27;[32mInput any Test in every Field Reason of Request &amp#27;[0m&amp#27;[32m&amp#27;[1m"ABCD"&amp#27;[0m            &amp#27;[90m# step_definitions.JobOrder_Request.inputAnyTestInEveryFieldReasonOfRequest(java.lang.String)&amp#27;[0m
]]></system-out>
  </testcase>
  <testcase name="JOR_023 sampai JOR_072 #2" classname="JobOrder_Request" time="22.929">
    <system-out><![CDATA[
@JOR
Scenario Outline: JOR_023 sampai JOR_072                                 &amp#27;[90m# features//JobOrder_Request.feature:29&amp#27;[0m
15:54:35.494 [main] DEBUG io.github.bonigarcia.wdm.WebDriverManager -- Using WebDriverManager 5.6.3
15:54:35.497 [main] DEBUG io.github.bonigarcia.wdm.cache.ResolutionCache -- Resolution chrome=120 in cache (valid until 16:10:24 30/01/2024 WIB)
15:54:35.497 [main] DEBUG io.github.bonigarcia.wdm.cache.ResolutionCache -- Resolution chrome120=120.0.6099.109 in cache (valid until 09:40:35 31/01/2024 WIB)
15:54:35.497 [main] INFO io.github.bonigarcia.wdm.WebDriverManager -- Using chromedriver 120.0.6099.109 (resolved driver for Chrome 120)
15:54:35.502 [main] DEBUG io.github.bonigarcia.wdm.WebDriverManager -- Driver chromedriver 120.0.6099.109 found in cache
15:54:35.502 [main] INFO io.github.bonigarcia.wdm.WebDriverManager -- Exporting webdriver.chrome.driver as /Users/fizkiarditiakusuma/.cache/selenium/chromedriver/mac-arm64/120.0.6099.109/chromedriver
  &amp#27;[32mGiven &amp#27;[0m&amp#27;[32mUser already open website Recruitment NasTa Group&amp#27;[0m                &amp#27;[90m# step_definitions.login_manual.userAlreadyOpenWebsiteRecruitmentNasTaGroup()&amp#27;[0m
  &amp#27;[32mThen &amp#27;[0m&amp#27;[32mUser Click And Input Email or Username & Password with Valid Data&amp#27;[0m &amp#27;[90m# step_definitions.login_manual.userClickAndInputEmailOrUsernamePasswordWithValidData()&amp#27;[0m
  &amp#27;[32mAnd &amp#27;[0m&amp#27;[32mUser Click Sign In Button&amp#27;[0m                                          &amp#27;[90m# step_definitions.login_manual.userClickSignInButton()&amp#27;[0m
User is on the landing page.
  &amp#27;[32mThen &amp#27;[0m&amp#27;[32mUser already on landing page&amp#27;[0m                                      &amp#27;[90m# step_definitions.login_manual.userAlreadyOnLandingPage()&amp#27;[0m
  &amp#27;[32mAnd &amp#27;[0m&amp#27;[32mUser Click menu Job Order&amp#27;[0m                                          &amp#27;[90m# step_definitions.JobOrder_Request.userClickMenuJobOrder()&amp#27;[0m
  &amp#27;[32mThen &amp#27;[0m&amp#27;[32mUser Add New Data Job Order Request&amp#27;[0m                               &amp#27;[90m# step_definitions.JobOrder_Request.userAddNewDataJobOrderRequest()&amp#27;[0m
  &amp#27;[32mWhen &amp#27;[0m&amp#27;[32mUser Click every field in Reason of Request&amp#27;[0m                       &amp#27;[90m# step_definitions.JobOrder_Request.userClickEveryFieldInReasonOfRequest()&amp#27;[0m
  &amp#27;[32mThen &amp#27;[0m&amp#27;[32mInput any Test in every Field Reason of Request &amp#27;[0m&amp#27;[32m&amp#27;[1m"1122"&amp#27;[0m            &amp#27;[90m# step_definitions.JobOrder_Request.inputAnyTestInEveryFieldReasonOfRequest(java.lang.String)&amp#27;[0m
]]></system-out>
  </testcase>
  <testcase name="JOR_023 sampai JOR_072 #3" classname="JobOrder_Request" time="22.739">
    <system-out><![CDATA[
@JOR
Scenario Outline: JOR_023 sampai JOR_072                                 &amp#27;[90m# features//JobOrder_Request.feature:30&amp#27;[0m
15:54:58.422 [main] DEBUG io.github.bonigarcia.wdm.WebDriverManager -- Using WebDriverManager 5.6.3
15:54:58.425 [main] DEBUG io.github.bonigarcia.wdm.cache.ResolutionCache -- Resolution chrome=120 in cache (valid until 16:10:24 30/01/2024 WIB)
15:54:58.425 [main] DEBUG io.github.bonigarcia.wdm.cache.ResolutionCache -- Resolution chrome120=120.0.6099.109 in cache (valid until 09:40:35 31/01/2024 WIB)
15:54:58.425 [main] INFO io.github.bonigarcia.wdm.WebDriverManager -- Using chromedriver 120.0.6099.109 (resolved driver for Chrome 120)
15:54:58.427 [main] DEBUG io.github.bonigarcia.wdm.WebDriverManager -- Driver chromedriver 120.0.6099.109 found in cache
15:54:58.427 [main] INFO io.github.bonigarcia.wdm.WebDriverManager -- Exporting webdriver.chrome.driver as /Users/fizkiarditiakusuma/.cache/selenium/chromedriver/mac-arm64/120.0.6099.109/chromedriver
  &amp#27;[32mGiven &amp#27;[0m&amp#27;[32mUser already open website Recruitment NasTa Group&amp#27;[0m                &amp#27;[90m# step_definitions.login_manual.userAlreadyOpenWebsiteRecruitmentNasTaGroup()&amp#27;[0m
  &amp#27;[32mThen &amp#27;[0m&amp#27;[32mUser Click And Input Email or Username & Password with Valid Data&amp#27;[0m &amp#27;[90m# step_definitions.login_manual.userClickAndInputEmailOrUsernamePasswordWithValidData()&amp#27;[0m
  &amp#27;[32mAnd &amp#27;[0m&amp#27;[32mUser Click Sign In Button&amp#27;[0m                                          &amp#27;[90m# step_definitions.login_manual.userClickSignInButton()&amp#27;[0m
User is on the landing page.
  &amp#27;[32mThen &amp#27;[0m&amp#27;[32mUser already on landing page&amp#27;[0m                                      &amp#27;[90m# step_definitions.login_manual.userAlreadyOnLandingPage()&amp#27;[0m
  &amp#27;[32mAnd &amp#27;[0m&amp#27;[32mUser Click menu Job Order&amp#27;[0m                                          &amp#27;[90m# step_definitions.JobOrder_Request.userClickMenuJobOrder()&amp#27;[0m
  &amp#27;[32mThen &amp#27;[0m&amp#27;[32mUser Add New Data Job Order Request&amp#27;[0m                               &amp#27;[90m# step_definitions.JobOrder_Request.userAddNewDataJobOrderRequest()&amp#27;[0m
  &amp#27;[32mWhen &amp#27;[0m&amp#27;[32mUser Click every field in Reason of Request&amp#27;[0m                       &amp#27;[90m# step_definitions.JobOrder_Request.userClickEveryFieldInReasonOfRequest()&amp#27;[0m
  &amp#27;[32mThen &amp#27;[0m&amp#27;[32mInput any Test in every Field Reason of Request &amp#27;[0m&amp#27;[32m&amp#27;[1m")^#$"&amp#27;[0m            &amp#27;[90m# step_definitions.JobOrder_Request.inputAnyTestInEveryFieldReasonOfRequest(java.lang.String)&amp#27;[0m
]]></system-out>
  </testcase>
  <testcase name="JOR_073 sampai JOR_081 #1" classname="JobOrder_Request" time="20.079">
    <system-out><![CDATA[
@JOR
Scenario Outline: JOR_073 sampai JOR_081                                 &amp#27;[90m# features//JobOrder_Request.feature:39&amp#27;[0m
15:55:21.162 [main] DEBUG io.github.bonigarcia.wdm.WebDriverManager -- Using WebDriverManager 5.6.3
15:55:21.165 [main] DEBUG io.github.bonigarcia.wdm.cache.ResolutionCache -- Resolution chrome=120 in cache (valid until 16:10:24 30/01/2024 WIB)
15:55:21.165 [main] DEBUG io.github.bonigarcia.wdm.cache.ResolutionCache -- Resolution chrome120=120.0.6099.109 in cache (valid until 09:40:35 31/01/2024 WIB)
15:55:21.165 [main] INFO io.github.bonigarcia.wdm.WebDriverManager -- Using chromedriver 120.0.6099.109 (resolved driver for Chrome 120)
15:55:21.169 [main] DEBUG io.github.bonigarcia.wdm.WebDriverManager -- Driver chromedriver 120.0.6099.109 found in cache
15:55:21.170 [main] INFO io.github.bonigarcia.wdm.WebDriverManager -- Exporting webdriver.chrome.driver as /Users/fizkiarditiakusuma/.cache/selenium/chromedriver/mac-arm64/120.0.6099.109/chromedriver
  &amp#27;[32mGiven &amp#27;[0m&amp#27;[32mUser already open website Recruitment NasTa Group&amp#27;[0m                &amp#27;[90m# step_definitions.login_manual.userAlreadyOpenWebsiteRecruitmentNasTaGroup()&amp#27;[0m
  &amp#27;[32mThen &amp#27;[0m&amp#27;[32mUser Click And Input Email or Username & Password with Valid Data&amp#27;[0m &amp#27;[90m# step_definitions.login_manual.userClickAndInputEmailOrUsernamePasswordWithValidData()&amp#27;[0m
  &amp#27;[32mAnd &amp#27;[0m&amp#27;[32mUser Click Sign In Button&amp#27;[0m                                          &amp#27;[90m# step_definitions.login_manual.userClickSignInButton()&amp#27;[0m
User is on the landing page.
  &amp#27;[32mThen &amp#27;[0m&amp#27;[32mUser already on landing page&amp#27;[0m                                      &amp#27;[90m# step_definitions.login_manual.userAlreadyOnLandingPage()&amp#27;[0m
  &amp#27;[32mAnd &amp#27;[0m&amp#27;[32mUser Click menu Job Order&amp#27;[0m                                          &amp#27;[90m# step_definitions.JobOrder_Request.userClickMenuJobOrder()&amp#27;[0m
  &amp#27;[32mThen &amp#27;[0m&amp#27;[32mUser Add New Data Job Order Request&amp#27;[0m                               &amp#27;[90m# step_definitions.JobOrder_Request.userAddNewDataJobOrderRequest()&amp#27;[0m
  &amp#27;[32mWhen &amp#27;[0m&amp#27;[32mUser Click every field in Skill Certification&amp#27;[0m                     &amp#27;[90m# step_definitions.JobOrder_Request.userClickEveryFieldInSkillCertification()&amp#27;[0m
  &amp#27;[32mThen &amp#27;[0m&amp#27;[32mInput any Test in every Field Skill Certification &amp#27;[0m&amp#27;[32m&amp#27;[1m"ABCD"&amp#27;[0m          &amp#27;[90m# step_definitions.JobOrder_Request.inputAnyTestInEveryFieldSkillCertification(java.lang.String)&amp#27;[0m
]]></system-out>
  </testcase>
  <testcase name="JOR_073 sampai JOR_081 #2" classname="JobOrder_Request" time="27.585">
    <system-out><![CDATA[
@JOR
Scenario Outline: JOR_073 sampai JOR_081                                 &amp#27;[90m# features//JobOrder_Request.feature:40&amp#27;[0m
15:55:41.240 [main] DEBUG io.github.bonigarcia.wdm.WebDriverManager -- Using WebDriverManager 5.6.3
15:55:41.243 [main] DEBUG io.github.bonigarcia.wdm.cache.ResolutionCache -- Resolution chrome=120 in cache (valid until 16:10:24 30/01/2024 WIB)
15:55:41.243 [main] DEBUG io.github.bonigarcia.wdm.cache.ResolutionCache -- Resolution chrome120=120.0.6099.109 in cache (valid until 09:40:35 31/01/2024 WIB)
15:55:41.243 [main] INFO io.github.bonigarcia.wdm.WebDriverManager -- Using chromedriver 120.0.6099.109 (resolved driver for Chrome 120)
15:55:41.245 [main] DEBUG io.github.bonigarcia.wdm.WebDriverManager -- Driver chromedriver 120.0.6099.109 found in cache
15:55:41.246 [main] INFO io.github.bonigarcia.wdm.WebDriverManager -- Exporting webdriver.chrome.driver as /Users/fizkiarditiakusuma/.cache/selenium/chromedriver/mac-arm64/120.0.6099.109/chromedriver
  &amp#27;[32mGiven &amp#27;[0m&amp#27;[32mUser already open website Recruitment NasTa Group&amp#27;[0m                &amp#27;[90m# step_definitions.login_manual.userAlreadyOpenWebsiteRecruitmentNasTaGroup()&amp#27;[0m
  &amp#27;[32mThen &amp#27;[0m&amp#27;[32mUser Click And Input Email or Username & Password with Valid Data&amp#27;[0m &amp#27;[90m# step_definitions.login_manual.userClickAndInputEmailOrUsernamePasswordWithValidData()&amp#27;[0m
  &amp#27;[32mAnd &amp#27;[0m&amp#27;[32mUser Click Sign In Button&amp#27;[0m                                          &amp#27;[90m# step_definitions.login_manual.userClickSignInButton()&amp#27;[0m
Element not found. User may not be on the landing page.
  &amp#27;[32mThen &amp#27;[0m&amp#27;[32mUser already on landing page&amp#27;[0m                                      &amp#27;[90m# step_definitions.login_manual.userAlreadyOnLandingPage()&amp#27;[0m
  &amp#27;[32mAnd &amp#27;[0m&amp#27;[32mUser Click menu Job Order&amp#27;[0m                                          &amp#27;[90m# step_definitions.JobOrder_Request.userClickMenuJobOrder()&amp#27;[0m
  &amp#27;[32mThen &amp#27;[0m&amp#27;[32mUser Add New Data Job Order Request&amp#27;[0m                               &amp#27;[90m# step_definitions.JobOrder_Request.userAddNewDataJobOrderRequest()&amp#27;[0m
  &amp#27;[32mWhen &amp#27;[0m&amp#27;[32mUser Click every field in Skill Certification&amp#27;[0m                     &amp#27;[90m# step_definitions.JobOrder_Request.userClickEveryFieldInSkillCertification()&amp#27;[0m
  &amp#27;[32mThen &amp#27;[0m&amp#27;[32mInput any Test in every Field Skill Certification &amp#27;[0m&amp#27;[32m&amp#27;[1m"1122"&amp#27;[0m          &amp#27;[90m# step_definitions.JobOrder_Request.inputAnyTestInEveryFieldSkillCertification(java.lang.String)&amp#27;[0m
]]></system-out>
  </testcase>
  <testcase name="JOR_073 sampai JOR_081 #3" classname="JobOrder_Request" time="31.036">
    <system-out><![CDATA[
@JOR
Scenario Outline: JOR_073 sampai JOR_081                                 &amp#27;[90m# features//JobOrder_Request.feature:41&amp#27;[0m
15:56:08.826 [main] DEBUG io.github.bonigarcia.wdm.WebDriverManager -- Using WebDriverManager 5.6.3
15:56:08.830 [main] DEBUG io.github.bonigarcia.wdm.cache.ResolutionCache -- Resolution chrome=120 in cache (valid until 16:10:24 30/01/2024 WIB)
15:56:08.830 [main] DEBUG io.github.bonigarcia.wdm.cache.ResolutionCache -- Resolution chrome120=120.0.6099.109 in cache (valid until 09:40:35 31/01/2024 WIB)
15:56:08.830 [main] INFO io.github.bonigarcia.wdm.WebDriverManager -- Using chromedriver 120.0.6099.109 (resolved driver for Chrome 120)
15:56:08.834 [main] DEBUG io.github.bonigarcia.wdm.WebDriverManager -- Driver chromedriver 120.0.6099.109 found in cache
15:56:08.834 [main] INFO io.github.bonigarcia.wdm.WebDriverManager -- Exporting webdriver.chrome.driver as /Users/fizkiarditiakusuma/.cache/selenium/chromedriver/mac-arm64/120.0.6099.109/chromedriver
  &amp#27;[32mGiven &amp#27;[0m&amp#27;[32mUser already open website Recruitment NasTa Group&amp#27;[0m                &amp#27;[90m# step_definitions.login_manual.userAlreadyOpenWebsiteRecruitmentNasTaGroup()&amp#27;[0m
  &amp#27;[32mThen &amp#27;[0m&amp#27;[32mUser Click And Input Email or Username & Password with Valid Data&amp#27;[0m &amp#27;[90m# step_definitions.login_manual.userClickAndInputEmailOrUsernamePasswordWithValidData()&amp#27;[0m
  &amp#27;[32mAnd &amp#27;[0m&amp#27;[32mUser Click Sign In Button&amp#27;[0m                                          &amp#27;[90m# step_definitions.login_manual.userClickSignInButton()&amp#27;[0m
User is on the landing page.
  &amp#27;[32mThen &amp#27;[0m&amp#27;[32mUser already on landing page&amp#27;[0m                                      &amp#27;[90m# step_definitions.login_manual.userAlreadyOnLandingPage()&amp#27;[0m
  &amp#27;[32mAnd &amp#27;[0m&amp#27;[32mUser Click menu Job Order&amp#27;[0m                                          &amp#27;[90m# step_definitions.JobOrder_Request.userClickMenuJobOrder()&amp#27;[0m
  &amp#27;[32mThen &amp#27;[0m&amp#27;[32mUser Add New Data Job Order Request&amp#27;[0m                               &amp#27;[90m# step_definitions.JobOrder_Request.userAddNewDataJobOrderRequest()&amp#27;[0m
  &amp#27;[32mWhen &amp#27;[0m&amp#27;[32mUser Click every field in Skill Certification&amp#27;[0m                     &amp#27;[90m# step_definitions.JobOrder_Request.userClickEveryFieldInSkillCertification()&amp#27;[0m
  &amp#27;[32mThen &amp#27;[0m&amp#27;[32mInput any Test in every Field Skill Certification &amp#27;[0m&amp#27;[32m&amp#27;[1m")^#$"&amp#27;[0m          &amp#27;[90m# step_definitions.JobOrder_Request.inputAnyTestInEveryFieldSkillCertification(java.lang.String)&amp#27;[0m
]]></system-out>
  </testcase>
  <testcase name="JOR_082" classname="JobOrder_Request" time="35.933">
    <system-out><![CDATA[
@JOR
Scenario: JOR_082                                                        &amp#27;[90m# features//JobOrder_Request.feature:43&amp#27;[0m
15:56:39.863 [main] DEBUG io.github.bonigarcia.wdm.WebDriverManager -- Using WebDriverManager 5.6.3
15:56:39.866 [main] DEBUG io.github.bonigarcia.wdm.cache.ResolutionCache -- Resolution chrome=120 in cache (valid until 16:10:24 30/01/2024 WIB)
15:56:39.866 [main] DEBUG io.github.bonigarcia.wdm.cache.ResolutionCache -- Resolution chrome120=120.0.6099.109 in cache (valid until 09:40:35 31/01/2024 WIB)
15:56:39.866 [main] INFO io.github.bonigarcia.wdm.WebDriverManager -- Using chromedriver 120.0.6099.109 (resolved driver for Chrome 120)
15:56:39.868 [main] DEBUG io.github.bonigarcia.wdm.WebDriverManager -- Driver chromedriver 120.0.6099.109 found in cache
15:56:39.868 [main] INFO io.github.bonigarcia.wdm.WebDriverManager -- Exporting webdriver.chrome.driver as /Users/fizkiarditiakusuma/.cache/selenium/chromedriver/mac-arm64/120.0.6099.109/chromedriver
  &amp#27;[32mGiven &amp#27;[0m&amp#27;[32mUser already open website Recruitment NasTa Group&amp#27;[0m                &amp#27;[90m# step_definitions.login_manual.userAlreadyOpenWebsiteRecruitmentNasTaGroup()&amp#27;[0m
  &amp#27;[32mThen &amp#27;[0m&amp#27;[32mUser Click And Input Email or Username & Password with Valid Data&amp#27;[0m &amp#27;[90m# step_definitions.login_manual.userClickAndInputEmailOrUsernamePasswordWithValidData()&amp#27;[0m
  &amp#27;[32mAnd &amp#27;[0m&amp#27;[32mUser Click Sign In Button&amp#27;[0m                                          &amp#27;[90m# step_definitions.login_manual.userClickSignInButton()&amp#27;[0m
User is on the landing page.
  &amp#27;[32mThen &amp#27;[0m&amp#27;[32mUser already on landing page&amp#27;[0m                                      &amp#27;[90m# step_definitions.login_manual.userAlreadyOnLandingPage()&amp#27;[0m
  &amp#27;[32mAnd &amp#27;[0m&amp#27;[32mUser Click menu Job Order&amp#27;[0m                                          &amp#27;[90m# step_definitions.JobOrder_Request.userClickMenuJobOrder()&amp#27;[0m
  &amp#27;[32mThen &amp#27;[0m&amp#27;[32mUser Add New Data Job Order Request&amp#27;[0m                               &amp#27;[90m# step_definitions.JobOrder_Request.userAddNewDataJobOrderRequest()&amp#27;[0m
  &amp#27;[32mWhen &amp#27;[0m&amp#27;[32mUser Input All Field Form&amp#27;[0m                                         &amp#27;[90m# step_definitions.JobOrder_Request.userInputAllFieldForm()&amp#27;[0m
]]></system-out>
  </testcase>
  <testcase name="LG_001" classname="Login" time="6.711">
    <system-out><![CDATA[
@Login
Scenario: LG_001                                          &amp#27;[90m# features//login.feature:8&amp#27;[0m
15:57:15.799 [main] DEBUG io.github.bonigarcia.wdm.WebDriverManager -- Using WebDriverManager 5.6.3
15:57:15.802 [main] DEBUG io.github.bonigarcia.wdm.cache.ResolutionCache -- Resolution chrome=120 in cache (valid until 16:10:24 30/01/2024 WIB)
15:57:15.803 [main] DEBUG io.github.bonigarcia.wdm.cache.ResolutionCache -- Resolution chrome120=120.0.6099.109 in cache (valid until 09:40:35 31/01/2024 WIB)
15:57:15.803 [main] INFO io.github.bonigarcia.wdm.WebDriverManager -- Using chromedriver 120.0.6099.109 (resolved driver for Chrome 120)
15:57:15.807 [main] DEBUG io.github.bonigarcia.wdm.WebDriverManager -- Driver chromedriver 120.0.6099.109 found in cache
15:57:15.812 [main] INFO io.github.bonigarcia.wdm.WebDriverManager -- Exporting webdriver.chrome.driver as /Users/fizkiarditiakusuma/.cache/selenium/chromedriver/mac-arm64/120.0.6099.109/chromedriver
  &amp#27;[32mGiven &amp#27;[0m&amp#27;[32mUser already open website Recruitment NasTa Group&amp#27;[0m &amp#27;[90m# step_definitions.login_manual.userAlreadyOpenWebsiteRecruitmentNasTaGroup()&amp#27;[0m
  &amp#27;[32mThen &amp#27;[0m&amp#27;[32mUser Click Email or Username Field&amp#27;[0m                 &amp#27;[90m# step_definitions.login_manual.userClickEmailOrUsernameField()&amp#27;[0m
]]></system-out>
  </testcase>
  <testcase name="LG_002 LG_003 LG_004 #1" classname="Login" time="3.437">
    <system-out><![CDATA[
@Login
Scenario Outline: LG_002 LG_003 LG_004                    &amp#27;[90m# features//login.feature:16&amp#27;[0m
15:57:22.510 [main] DEBUG io.github.bonigarcia.wdm.WebDriverManager -- Using WebDriverManager 5.6.3
15:57:22.513 [main] DEBUG io.github.bonigarcia.wdm.cache.ResolutionCache -- Resolution chrome=120 in cache (valid until 16:10:24 30/01/2024 WIB)
15:57:22.514 [main] DEBUG io.github.bonigarcia.wdm.cache.ResolutionCache -- Resolution chrome120=120.0.6099.109 in cache (valid until 09:40:35 31/01/2024 WIB)
15:57:22.514 [main] INFO io.github.bonigarcia.wdm.WebDriverManager -- Using chromedriver 120.0.6099.109 (resolved driver for Chrome 120)
15:57:22.515 [main] DEBUG io.github.bonigarcia.wdm.WebDriverManager -- Driver chromedriver 120.0.6099.109 found in cache
15:57:22.515 [main] INFO io.github.bonigarcia.wdm.WebDriverManager -- Exporting webdriver.chrome.driver as /Users/fizkiarditiakusuma/.cache/selenium/chromedriver/mac-arm64/120.0.6099.109/chromedriver
  &amp#27;[32mGiven &amp#27;[0m&amp#27;[32mUser already open website Recruitment NasTa Group&amp#27;[0m &amp#27;[90m# step_definitions.login_manual.userAlreadyOpenWebsiteRecruitmentNasTaGroup()&amp#27;[0m
  &amp#27;[32mThen &amp#27;[0m&amp#27;[32mUser Click Email or Username Field&amp#27;[0m                 &amp#27;[90m# step_definitions.login_manual.userClickEmailOrUsernameField()&amp#27;[0m
  &amp#27;[32mThen &amp#27;[0m&amp#27;[32mInput any &amp#27;[0m&amp#27;[32m&amp#27;[1m"ABCD"&amp#27;[0m                                   &amp#27;[90m# step_definitions.login_manual.inputAny(java.lang.String)&amp#27;[0m
]]></system-out>
  </testcase>
  <testcase name="LG_002 LG_003 LG_004 #2" classname="Login" time="4.556">
    <system-out><![CDATA[
@Login
Scenario Outline: LG_002 LG_003 LG_004                    &amp#27;[90m# features//login.feature:17&amp#27;[0m
15:57:25.947 [main] DEBUG io.github.bonigarcia.wdm.WebDriverManager -- Using WebDriverManager 5.6.3
15:57:25.950 [main] DEBUG io.github.bonigarcia.wdm.cache.ResolutionCache -- Resolution chrome=120 in cache (valid until 16:10:24 30/01/2024 WIB)
15:57:25.950 [main] DEBUG io.github.bonigarcia.wdm.cache.ResolutionCache -- Resolution chrome120=120.0.6099.109 in cache (valid until 09:40:35 31/01/2024 WIB)
15:57:25.950 [main] INFO io.github.bonigarcia.wdm.WebDriverManager -- Using chromedriver 120.0.6099.109 (resolved driver for Chrome 120)
15:57:25.951 [main] DEBUG io.github.bonigarcia.wdm.WebDriverManager -- Driver chromedriver 120.0.6099.109 found in cache
15:57:25.951 [main] INFO io.github.bonigarcia.wdm.WebDriverManager -- Exporting webdriver.chrome.driver as /Users/fizkiarditiakusuma/.cache/selenium/chromedriver/mac-arm64/120.0.6099.109/chromedriver
  &amp#27;[32mGiven &amp#27;[0m&amp#27;[32mUser already open website Recruitment NasTa Group&amp#27;[0m &amp#27;[90m# step_definitions.login_manual.userAlreadyOpenWebsiteRecruitmentNasTaGroup()&amp#27;[0m
  &amp#27;[32mThen &amp#27;[0m&amp#27;[32mUser Click Email or Username Field&amp#27;[0m                 &amp#27;[90m# step_definitions.login_manual.userClickEmailOrUsernameField()&amp#27;[0m
  &amp#27;[32mThen &amp#27;[0m&amp#27;[32mInput any &amp#27;[0m&amp#27;[32m&amp#27;[1m"1122"&amp#27;[0m                                   &amp#27;[90m# step_definitions.login_manual.inputAny(java.lang.String)&amp#27;[0m
]]></system-out>
  </testcase>
  <testcase name="LG_002 LG_003 LG_004 #3" classname="Login" time="3.684">
    <system-out><![CDATA[
@Login
Scenario Outline: LG_002 LG_003 LG_004                    &amp#27;[90m# features//login.feature:18&amp#27;[0m
15:57:30.504 [main] DEBUG io.github.bonigarcia.wdm.WebDriverManager -- Using WebDriverManager 5.6.3
15:57:30.507 [main] DEBUG io.github.bonigarcia.wdm.cache.ResolutionCache -- Resolution chrome=120 in cache (valid until 16:10:24 30/01/2024 WIB)
15:57:30.507 [main] DEBUG io.github.bonigarcia.wdm.cache.ResolutionCache -- Resolution chrome120=120.0.6099.109 in cache (valid until 09:40:35 31/01/2024 WIB)
15:57:30.507 [main] INFO io.github.bonigarcia.wdm.WebDriverManager -- Using chromedriver 120.0.6099.109 (resolved driver for Chrome 120)
15:57:30.508 [main] DEBUG io.github.bonigarcia.wdm.WebDriverManager -- Driver chromedriver 120.0.6099.109 found in cache
15:57:30.509 [main] INFO io.github.bonigarcia.wdm.WebDriverManager -- Exporting webdriver.chrome.driver as /Users/fizkiarditiakusuma/.cache/selenium/chromedriver/mac-arm64/120.0.6099.109/chromedriver
  &amp#27;[32mGiven &amp#27;[0m&amp#27;[32mUser already open website Recruitment NasTa Group&amp#27;[0m &amp#27;[90m# step_definitions.login_manual.userAlreadyOpenWebsiteRecruitmentNasTaGroup()&amp#27;[0m
  &amp#27;[32mThen &amp#27;[0m&amp#27;[32mUser Click Email or Username Field&amp#27;[0m                 &amp#27;[90m# step_definitions.login_manual.userClickEmailOrUsernameField()&amp#27;[0m
  &amp#27;[32mThen &amp#27;[0m&amp#27;[32mInput any &amp#27;[0m&amp#27;[32m&amp#27;[1m")^#$"&amp#27;[0m                                   &amp#27;[90m# step_definitions.login_manual.inputAny(java.lang.String)&amp#27;[0m
]]></system-out>
  </testcase>
  <testcase name="LG_005 LG_006 LG_007 LG_008 #1" classname="Login" time="4.053">
    <system-out><![CDATA[
@Login
Scenario Outline: LG_005 LG_006 LG_007 LG_008             &amp#27;[90m# features//login.feature:26&amp#27;[0m
15:57:34.187 [main] DEBUG io.github.bonigarcia.wdm.WebDriverManager -- Using WebDriverManager 5.6.3
15:57:34.189 [main] DEBUG io.github.bonigarcia.wdm.cache.ResolutionCache -- Resolution chrome=120 in cache (valid until 16:10:24 30/01/2024 WIB)
15:57:34.189 [main] DEBUG io.github.bonigarcia.wdm.cache.ResolutionCache -- Resolution chrome120=120.0.6099.109 in cache (valid until 09:40:35 31/01/2024 WIB)
15:57:34.189 [main] INFO io.github.bonigarcia.wdm.WebDriverManager -- Using chromedriver 120.0.6099.109 (resolved driver for Chrome 120)
15:57:34.190 [main] DEBUG io.github.bonigarcia.wdm.WebDriverManager -- Driver chromedriver 120.0.6099.109 found in cache
15:57:34.190 [main] INFO io.github.bonigarcia.wdm.WebDriverManager -- Exporting webdriver.chrome.driver as /Users/fizkiarditiakusuma/.cache/selenium/chromedriver/mac-arm64/120.0.6099.109/chromedriver
  &amp#27;[32mGiven &amp#27;[0m&amp#27;[32mUser already open website Recruitment NasTa Group&amp#27;[0m &amp#27;[90m# step_definitions.login_manual.userAlreadyOpenWebsiteRecruitmentNasTaGroup()&amp#27;[0m
  &amp#27;[32mThen &amp#27;[0m&amp#27;[32mUser Click Password Field&amp#27;[0m                          &amp#27;[90m# step_definitions.login_manual.userClickPasswordField()&amp#27;[0m
  &amp#27;[32mThen &amp#27;[0m&amp#27;[32mInput any &amp#27;[0m&amp#27;[32m&amp#27;[1m"ABCD"&amp#27;[0m                                   &amp#27;[90m# step_definitions.login_manual.inputAny(java.lang.String)&amp#27;[0m
]]></system-out>
  </testcase>
  <testcase name="LG_005 LG_006 LG_007 LG_008 #2" classname="Login" time="8.876">
    <system-out><![CDATA[
@Login
Scenario Outline: LG_005 LG_006 LG_007 LG_008             &amp#27;[90m# features//login.feature:27&amp#27;[0m
15:57:38.242 [main] DEBUG io.github.bonigarcia.wdm.WebDriverManager -- Using WebDriverManager 5.6.3
15:57:38.245 [main] DEBUG io.github.bonigarcia.wdm.cache.ResolutionCache -- Resolution chrome=120 in cache (valid until 16:10:24 30/01/2024 WIB)
15:57:38.245 [main] DEBUG io.github.bonigarcia.wdm.cache.ResolutionCache -- Resolution chrome120=120.0.6099.109 in cache (valid until 09:40:35 31/01/2024 WIB)
15:57:38.245 [main] INFO io.github.bonigarcia.wdm.WebDriverManager -- Using chromedriver 120.0.6099.109 (resolved driver for Chrome 120)
15:57:38.246 [main] DEBUG io.github.bonigarcia.wdm.WebDriverManager -- Driver chromedriver 120.0.6099.109 found in cache
15:57:38.247 [main] INFO io.github.bonigarcia.wdm.WebDriverManager -- Exporting webdriver.chrome.driver as /Users/fizkiarditiakusuma/.cache/selenium/chromedriver/mac-arm64/120.0.6099.109/chromedriver
  &amp#27;[32mGiven &amp#27;[0m&amp#27;[32mUser already open website Recruitment NasTa Group&amp#27;[0m &amp#27;[90m# step_definitions.login_manual.userAlreadyOpenWebsiteRecruitmentNasTaGroup()&amp#27;[0m
  &amp#27;[32mThen &amp#27;[0m&amp#27;[32mUser Click Password Field&amp#27;[0m                          &amp#27;[90m# step_definitions.login_manual.userClickPasswordField()&amp#27;[0m
  &amp#27;[32mThen &amp#27;[0m&amp#27;[32mInput any &amp#27;[0m&amp#27;[32m&amp#27;[1m"1122"&amp#27;[0m                                   &amp#27;[90m# step_definitions.login_manual.inputAny(java.lang.String)&amp#27;[0m
]]></system-out>
  </testcase>
  <testcase name="LG_005 LG_006 LG_007 LG_008 #3" classname="Login" time="20.06">
    <system-out><![CDATA[
@Login
Scenario Outline: LG_005 LG_006 LG_007 LG_008             &amp#27;[90m# features//login.feature:28&amp#27;[0m
15:57:47.116 [main] DEBUG io.github.bonigarcia.wdm.WebDriverManager -- Using WebDriverManager 5.6.3
15:57:47.118 [main] DEBUG io.github.bonigarcia.wdm.cache.ResolutionCache -- Resolution chrome=120 in cache (valid until 16:10:24 30/01/2024 WIB)
15:57:47.118 [main] DEBUG io.github.bonigarcia.wdm.cache.ResolutionCache -- Resolution chrome120=120.0.6099.109 in cache (valid until 09:40:35 31/01/2024 WIB)
15:57:47.119 [main] INFO io.github.bonigarcia.wdm.WebDriverManager -- Using chromedriver 120.0.6099.109 (resolved driver for Chrome 120)
15:57:47.121 [main] DEBUG io.github.bonigarcia.wdm.WebDriverManager -- Driver chromedriver 120.0.6099.109 found in cache
15:57:47.121 [main] INFO io.github.bonigarcia.wdm.WebDriverManager -- Exporting webdriver.chrome.driver as /Users/fizkiarditiakusuma/.cache/selenium/chromedriver/mac-arm64/120.0.6099.109/chromedriver
  &amp#27;[32mGiven &amp#27;[0m&amp#27;[32mUser already open website Recruitment NasTa Group&amp#27;[0m &amp#27;[90m# step_definitions.login_manual.userAlreadyOpenWebsiteRecruitmentNasTaGroup()&amp#27;[0m
  &amp#27;[32mThen &amp#27;[0m&amp#27;[32mUser Click Password Field&amp#27;[0m                          &amp#27;[90m# step_definitions.login_manual.userClickPasswordField()&amp#27;[0m
  &amp#27;[32mThen &amp#27;[0m&amp#27;[32mInput any &amp#27;[0m&amp#27;[32m&amp#27;[1m")^#$"&amp#27;[0m                                   &amp#27;[90m# step_definitions.login_manual.inputAny(java.lang.String)&amp#27;[0m
]]></system-out>
  </testcase>
  <testcase name="LG_009" classname="Login" time="12.017">
    <system-out><![CDATA[
@Login
Scenario: LG_009                                                         &amp#27;[90m# features//login.feature:31&amp#27;[0m
15:58:07.177 [main] DEBUG io.github.bonigarcia.wdm.WebDriverManager -- Using WebDriverManager 5.6.3
15:58:07.182 [main] DEBUG io.github.bonigarcia.wdm.cache.ResolutionCache -- Resolution chrome=120 in cache (valid until 16:10:24 30/01/2024 WIB)
15:58:07.182 [main] DEBUG io.github.bonigarcia.wdm.cache.ResolutionCache -- Resolution chrome120=120.0.6099.109 in cache (valid until 09:40:35 31/01/2024 WIB)
15:58:07.182 [main] INFO io.github.bonigarcia.wdm.WebDriverManager -- Using chromedriver 120.0.6099.109 (resolved driver for Chrome 120)
15:58:07.183 [main] DEBUG io.github.bonigarcia.wdm.WebDriverManager -- Driver chromedriver 120.0.6099.109 found in cache
15:58:07.183 [main] INFO io.github.bonigarcia.wdm.WebDriverManager -- Exporting webdriver.chrome.driver as /Users/fizkiarditiakusuma/.cache/selenium/chromedriver/mac-arm64/120.0.6099.109/chromedriver
  &amp#27;[32mGiven &amp#27;[0m&amp#27;[32mUser already open website Recruitment NasTa Group&amp#27;[0m                &amp#27;[90m# step_definitions.login_manual.userAlreadyOpenWebsiteRecruitmentNasTaGroup()&amp#27;[0m
  &amp#27;[32mThen &amp#27;[0m&amp#27;[32mUser Click And Input Email or Username & Password with Valid Data&amp#27;[0m &amp#27;[90m# step_definitions.login_manual.userClickAndInputEmailOrUsernamePasswordWithValidData()&amp#27;[0m
  &amp#27;[32mAnd &amp#27;[0m&amp#27;[32mUser Click Sign In Button&amp#27;[0m                                          &amp#27;[90m# step_definitions.login_manual.userClickSignInButton()&amp#27;[0m
User is on the landing page.
  &amp#27;[32mThen &amp#27;[0m&amp#27;[32mUser already on landing page&amp#27;[0m                                      &amp#27;[90m# step_definitions.login_manual.userAlreadyOnLandingPage()&amp#27;[0m
]]></system-out>
  </testcase>
  <testcase name="LG_010, LG_011, LG_012" classname="Login" time="9.307">
    <system-out><![CDATA[
@Login
Scenario: LG_010, LG_011, LG_012                               &amp#27;[90m# features//login.feature:36&amp#27;[0m
15:58:19.193 [main] DEBUG io.github.bonigarcia.wdm.WebDriverManager -- Using WebDriverManager 5.6.3
15:58:19.196 [main] DEBUG io.github.bonigarcia.wdm.cache.ResolutionCache -- Resolution chrome=120 in cache (valid until 16:10:24 30/01/2024 WIB)
15:58:19.197 [main] DEBUG io.github.bonigarcia.wdm.cache.ResolutionCache -- Resolution chrome120=120.0.6099.109 in cache (valid until 09:40:35 31/01/2024 WIB)
15:58:19.197 [main] INFO io.github.bonigarcia.wdm.WebDriverManager -- Using chromedriver 120.0.6099.109 (resolved driver for Chrome 120)
15:58:19.200 [main] DEBUG io.github.bonigarcia.wdm.WebDriverManager -- Driver chromedriver 120.0.6099.109 found in cache
15:58:19.200 [main] INFO io.github.bonigarcia.wdm.WebDriverManager -- Exporting webdriver.chrome.driver as /Users/fizkiarditiakusuma/.cache/selenium/chromedriver/mac-arm64/120.0.6099.109/chromedriver
  &amp#27;[32mGiven &amp#27;[0m&amp#27;[32mUser already open website Recruitment NasTa Group&amp#27;[0m      &amp#27;[90m# step_definitions.login_manual.userAlreadyOpenWebsiteRecruitmentNasTaGroup()&amp#27;[0m
Element not found. User may not be on the landing page.
  &amp#27;[32mThen &amp#27;[0m&amp#27;[32mUser Click And Input Email & Password with Invalid Data&amp#27;[0m &amp#27;[90m# step_definitions.login_manual.userClickAndInputEmailPasswordWithInvalidData()&amp#27;[0m
]]></system-out>
  </testcase>
</testsuite>