<?xml version="1.0" encoding="UTF-8"?>
<testsuite xmlns:xsi="http://www.w3.org/2001/XMLSchema-instance" xsi:noNamespaceSchemaLocation="https://maven.apache.org/surefire/maven-surefire-plugin/xsd/surefire-test-report-3.0.xsd" version="3.0" name="step_definitions.RunCukesTest" time="75.846" tests="3" errors="0" skipped="0" failures="0">
  <properties>
[...]
</properties>
  <testcase name="JOA_001" classname="JobOrder_Approval" time="27.242">
    <system-out><![CDATA[
@JOA
Scenario: JOA_001                                         &amp#27;[90m# features//03_JobOrder_Approval.feature:10&amp#27;[0m
17:00:12.841 [main] DEBUG io.github.bonigarcia.wdm.WebDriverManager -- Using WebDriverManager 5.6.3
17:00:12.996 [main] DEBUG io.github.bonigarcia.wdm.cache.ResolutionCache -- Resolution chrome=120 in cache (valid until 17:27:38 31/01/2024 WIB)
17:00:12.996 [main] DEBUG io.github.bonigarcia.wdm.cache.ResolutionCache -- Resolution chrome120=120.0.6099.109 in cache (valid until 09:43:36 01/02/2024 WIB)
17:00:12.997 [main] INFO io.github.bonigarcia.wdm.WebDriverManager -- Using chromedriver 120.0.6099.109 (resolved driver for Chrome 120)
17:00:13.007 [main] DEBUG io.github.bonigarcia.wdm.WebDriverManager -- Driver chromedriver 120.0.6099.109 found in cache
17:00:13.007 [main] INFO io.github.bonigarcia.wdm.WebDriverManager -- Exporting webdriver.chrome.driver as /Users/fizkiarditiakusuma/.cache/selenium/chromedriver/mac-arm64/120.0.6099.109/chromedriver
  &amp#27;[32mGiven &amp#27;[0m&amp#27;[32mUser already open website Recruitment NasTa Group&amp#27;[0m &amp#27;[90m# step_definitions.login.userAlreadyOpenWebsiteRecruitmentNasTaGroup()&amp#27;[0m
  &amp#27;[32mWhen &amp#27;[0m&amp#27;[32mUser already logged in as account Approved&amp#27;[0m         &amp#27;[90m# step_definitions.JobOrder_Approval.userAlreadyLoggedInAsAccountApproved()&amp#27;[0m
  &amp#27;[32mAnd &amp#27;[0m&amp#27;[32mUser Click Sign In Button&amp#27;[0m                           &amp#27;[90m# step_definitions.login.userClickSignInButton()&amp#27;[0m
Element not found. User may not be on the landing page.
  &amp#27;[32mThen &amp#27;[0m&amp#27;[32mUser already on landing page&amp#27;[0m                       &amp#27;[90m# step_definitions.login.userAlreadyOnLandingPage()&amp#27;[0m
  &amp#27;[32mAnd &amp#27;[0m&amp#27;[32mUser Click menu Job Order Approval&amp#27;[0m                  &amp#27;[90m# step_definitions.JobOrder_Approval.userClickMenuJobOrderApproval()&amp#27;[0m
  &amp#27;[32mThen &amp#27;[0m&amp#27;[32mUser Clicks Action Row in Data Confirming Process&amp#27;[0m  &amp#27;[90m# step_definitions.JobOrder_Approval.userClicksActionRowInDataConfirmingProcess()&amp#27;[0m
  &amp#27;[32mAnd &amp#27;[0m&amp#27;[32mthe user clicks the Reject button&amp#27;[0m                   &amp#27;[90m# step_definitions.JobOrder_Approval.theUserClicksTheRejectButton()&amp#27;[0m
]]></system-out>
  </testcase>
  <testcase name="JOA_002" classname="JobOrder_Approval" time="23.382">
    <system-out><![CDATA[
@JOA
Scenario: JOA_002                                         &amp#27;[90m# features//03_JobOrder_Approval.feature:17&amp#27;[0m
17:00:40.018 [main] DEBUG io.github.bonigarcia.wdm.WebDriverManager -- Using WebDriverManager 5.6.3
17:00:40.022 [main] DEBUG io.github.bonigarcia.wdm.cache.ResolutionCache -- Resolution chrome=120 in cache (valid until 17:27:38 31/01/2024 WIB)
17:00:40.022 [main] DEBUG io.github.bonigarcia.wdm.cache.ResolutionCache -- Resolution chrome120=120.0.6099.109 in cache (valid until 09:43:36 01/02/2024 WIB)
17:00:40.022 [main] INFO io.github.bonigarcia.wdm.WebDriverManager -- Using chromedriver 120.0.6099.109 (resolved driver for Chrome 120)
17:00:40.024 [main] DEBUG io.github.bonigarcia.wdm.WebDriverManager -- Driver chromedriver 120.0.6099.109 found in cache
17:00:40.024 [main] INFO io.github.bonigarcia.wdm.WebDriverManager -- Exporting webdriver.chrome.driver as /Users/fizkiarditiakusuma/.cache/selenium/chromedriver/mac-arm64/120.0.6099.109/chromedriver
  &amp#27;[32mGiven &amp#27;[0m&amp#27;[32mUser already open website Recruitment NasTa Group&amp#27;[0m &amp#27;[90m# step_definitions.login.userAlreadyOpenWebsiteRecruitmentNasTaGroup()&amp#27;[0m
  &amp#27;[32mWhen &amp#27;[0m&amp#27;[32mUser already logged in as account Approved&amp#27;[0m         &amp#27;[90m# step_definitions.JobOrder_Approval.userAlreadyLoggedInAsAccountApproved()&amp#27;[0m
  &amp#27;[32mAnd &amp#27;[0m&amp#27;[32mUser Click Sign In Button&amp#27;[0m                           &amp#27;[90m# step_definitions.login.userClickSignInButton()&amp#27;[0m
User is on the landing page.
  &amp#27;[32mThen &amp#27;[0m&amp#27;[32mUser already on landing page&amp#27;[0m                       &amp#27;[90m# step_definitions.login.userAlreadyOnLandingPage()&amp#27;[0m
  &amp#27;[32mAnd &amp#27;[0m&amp#27;[32mUser Click menu Job Order Approval&amp#27;[0m                  &amp#27;[90m# step_definitions.JobOrder_Approval.userClickMenuJobOrderApproval()&amp#27;[0m
  &amp#27;[32mThen &amp#27;[0m&amp#27;[32mUser Clicks Action Row in Data Confirming Process&amp#27;[0m  &amp#27;[90m# step_definitions.JobOrder_Approval.userClicksActionRowInDataConfirmingProcess()&amp#27;[0m
  &amp#27;[32mAnd &amp#27;[0m&amp#27;[32mthe user clicks the Approval button&amp#27;[0m                 &amp#27;[90m# step_definitions.JobOrder_Approval.theUserClicksTheApprovalButton()&amp#27;[0m
]]></system-out>
  </testcase>
  <testcase name="JOA_003" classname="JobOrder_Approval" time="24.942">
    <system-out><![CDATA[
@JOA
Scenario: JOA_003                                         &amp#27;[90m# features//03_JobOrder_Approval.feature:23&amp#27;[0m
17:01:03.403 [main] DEBUG io.github.bonigarcia.wdm.WebDriverManager -- Using WebDriverManager 5.6.3
17:01:03.407 [main] DEBUG io.github.bonigarcia.wdm.cache.ResolutionCache -- Resolution chrome=120 in cache (valid until 17:27:38 31/01/2024 WIB)
17:01:03.408 [main] DEBUG io.github.bonigarcia.wdm.cache.ResolutionCache -- Resolution chrome120=120.0.6099.109 in cache (valid until 09:43:36 01/02/2024 WIB)
17:01:03.408 [main] INFO io.github.bonigarcia.wdm.WebDriverManager -- Using chromedriver 120.0.6099.109 (resolved driver for Chrome 120)
17:01:03.411 [main] DEBUG io.github.bonigarcia.wdm.WebDriverManager -- Driver chromedriver 120.0.6099.109 found in cache
17:01:03.411 [main] INFO io.github.bonigarcia.wdm.WebDriverManager -- Exporting webdriver.chrome.driver as /Users/fizkiarditiakusuma/.cache/selenium/chromedriver/mac-arm64/120.0.6099.109/chromedriver
  &amp#27;[32mGiven &amp#27;[0m&amp#27;[32mUser already open website Recruitment NasTa Group&amp#27;[0m &amp#27;[90m# step_definitions.login.userAlreadyOpenWebsiteRecruitmentNasTaGroup()&amp#27;[0m
  &amp#27;[32mWhen &amp#27;[0m&amp#27;[32mUser already logged in as account Approved&amp#27;[0m         &amp#27;[90m# step_definitions.JobOrder_Approval.userAlreadyLoggedInAsAccountApproved()&amp#27;[0m
  &amp#27;[32mAnd &amp#27;[0m&amp#27;[32mUser Click Sign In Button&amp#27;[0m                           &amp#27;[90m# step_definitions.login.userClickSignInButton()&amp#27;[0m
User is on the landing page.
  &amp#27;[32mThen &amp#27;[0m&amp#27;[32mUser already on landing page&amp#27;[0m                       &amp#27;[90m# step_definitions.login.userAlreadyOnLandingPage()&amp#27;[0m
  &amp#27;[32mAnd &amp#27;[0m&amp#27;[32mUser Click menu Job Order Approval&amp#27;[0m                  &amp#27;[90m# step_definitions.JobOrder_Approval.userClickMenuJobOrderApproval()&amp#27;[0m
  &amp#27;[32mThen &amp#27;[0m&amp#27;[32mUser Clicks Action Row in Data Confirming Process&amp#27;[0m  &amp#27;[90m# step_definitions.JobOrder_Approval.userClicksActionRowInDataConfirmingProcess()&amp#27;[0m
  &amp#27;[32mAnd &amp#27;[0m&amp#27;[32mthe user clicks the Revised button&amp#27;[0m                  &amp#27;[90m# step_definitions.JobOrder_Approval.theUserClicksTheRevisedButton()&amp#27;[0m
]]></system-out>
  </testcase>
</testsuite>